Analysis & Synthesis report for PROYECTODS2
Fri Jan 20 17:58:54 2023
Quartus Prime Version 19.1.0 Build 670 09/22/2019 SJ Lite Edition


---------------------
; Table of Contents ;
---------------------
  1. Legal Notice
  2. Analysis & Synthesis Summary
  3. Analysis & Synthesis Settings
  4. Parallel Compilation
  5. Analysis & Synthesis Source Files Read
  6. Analysis & Synthesis Resource Usage Summary
  7. Analysis & Synthesis Resource Utilization by Entity
  8. Analysis & Synthesis RAM Summary
  9. Analysis & Synthesis IP Cores Summary
 10. State Machine - |DiagramaDeBloquesFinal|MSSPRUEBA:inst29|y
 11. General Register Statistics
 12. Multiplexer Restructuring Statistics (Restructuring Performed)
 13. Source assignments for RAMchica:inst9|altsyncram:altsyncram_component|altsyncram_ls14:auto_generated
 14. Parameter Settings for User Entity Instance: Comparador:inst4
 15. Parameter Settings for User Entity Instance: Contador_up:inst5
 16. Parameter Settings for User Entity Instance: Contador_up:inst
 17. Parameter Settings for User Entity Instance: Comparador:inst15
 18. Parameter Settings for User Entity Instance: Reg_Sost:inst17
 19. Parameter Settings for User Entity Instance: Reg_Sost:inst18
 20. Parameter Settings for User Entity Instance: RAMchica:inst9|altsyncram:altsyncram_component
 21. Parameter Settings for User Entity Instance: MUX2a1:inst26
 22. Parameter Settings for User Entity Instance: Sumador:inst6
 23. Parameter Settings for User Entity Instance: MUX2a1:inst27
 24. Parameter Settings for User Entity Instance: Comparador:inst3
 25. Parameter Settings for User Entity Instance: Comparador:inst7
 26. Parameter Settings for User Entity Instance: Bufferr:inst8
 27. altsyncram Parameter Settings by Entity Instance
 28. Post-Synthesis Netlist Statistics for Top Partition
 29. Elapsed Time Per Partition
 30. Analysis & Synthesis Messages



----------------
; Legal Notice ;
----------------
Copyright (C) 2019  Intel Corporation. All rights reserved.
Your use of Intel Corporation's design tools, logic functions 
and other software and tools, and any partner logic 
functions, and any output files from any of the foregoing 
(including device programming or simulation files), and any 
associated documentation or information are expressly subject 
to the terms and conditions of the Intel Program License 
Subscription Agreement, the Intel Quartus Prime License Agreement,
the Intel FPGA IP License Agreement, or other applicable license
agreement, including, without limitation, that your use is for
the sole purpose of programming logic devices manufactured by
Intel and sold by Intel or its authorized distributors.  Please
refer to the applicable agreement for further details, at
https://fpgasoftware.intel.com/eula.



+-------------------------------------------------------------------------------+
; Analysis & Synthesis Summary                                                  ;
+---------------------------------+---------------------------------------------+
; Analysis & Synthesis Status     ; Successful - Fri Jan 20 17:58:54 2023       ;
; Quartus Prime Version           ; 19.1.0 Build 670 09/22/2019 SJ Lite Edition ;
; Revision Name                   ; PROYECTODS2                                 ;
; Top-level Entity Name           ; DiagramaDeBloquesFinal                      ;
; Family                          ; Cyclone V                                   ;
; Logic utilization (in ALMs)     ; N/A                                         ;
; Total registers                 ; 38                                          ;
; Total pins                      ; 24                                          ;
; Total virtual pins              ; 0                                           ;
; Total block memory bits         ; 160                                         ;
; Total DSP Blocks                ; 0                                           ;
; Total HSSI RX PCSs              ; 0                                           ;
; Total HSSI PMA RX Deserializers ; 0                                           ;
; Total HSSI TX PCSs              ; 0                                           ;
; Total HSSI PMA TX Serializers   ; 0                                           ;
; Total PLLs                      ; 0                                           ;
; Total DLLs                      ; 0                                           ;
+---------------------------------+---------------------------------------------+


+-------------------------------------------------------------------------------------------------------------------------------+
; Analysis & Synthesis Settings                                                                                                 ;
+---------------------------------------------------------------------------------+------------------------+--------------------+
; Option                                                                          ; Setting                ; Default Value      ;
+---------------------------------------------------------------------------------+------------------------+--------------------+
; Device                                                                          ; 5CSEBA6U23I7L          ;                    ;
; Top-level entity name                                                           ; DiagramaDeBloquesFinal ; PROYECTODS2        ;
; Family name                                                                     ; Cyclone V              ; Cyclone V          ;
; Use smart compilation                                                           ; Off                    ; Off                ;
; Enable parallel Assembler and Timing Analyzer during compilation                ; On                     ; On                 ;
; Enable compact report table                                                     ; Off                    ; Off                ;
; Restructure Multiplexers                                                        ; Auto                   ; Auto               ;
; MLAB Add Timing Constraints For Mixed-Port Feed-Through Mode Setting Don't Care ; Off                    ; Off                ;
; Create Debugging Nodes for IP Cores                                             ; Off                    ; Off                ;
; Preserve fewer node names                                                       ; On                     ; On                 ;
; Intel FPGA IP Evaluation Mode                                                   ; Enable                 ; Enable             ;
; Verilog Version                                                                 ; Verilog_2001           ; Verilog_2001       ;
; VHDL Version                                                                    ; VHDL_1993              ; VHDL_1993          ;
; State Machine Processing                                                        ; Auto                   ; Auto               ;
; Safe State Machine                                                              ; Off                    ; Off                ;
; Extract Verilog State Machines                                                  ; On                     ; On                 ;
; Extract VHDL State Machines                                                     ; On                     ; On                 ;
; Ignore Verilog initial constructs                                               ; Off                    ; Off                ;
; Iteration limit for constant Verilog loops                                      ; 5000                   ; 5000               ;
; Iteration limit for non-constant Verilog loops                                  ; 250                    ; 250                ;
; Add Pass-Through Logic to Inferred RAMs                                         ; On                     ; On                 ;
; Infer RAMs from Raw Logic                                                       ; On                     ; On                 ;
; Parallel Synthesis                                                              ; On                     ; On                 ;
; DSP Block Balancing                                                             ; Auto                   ; Auto               ;
; NOT Gate Push-Back                                                              ; On                     ; On                 ;
; Power-Up Don't Care                                                             ; On                     ; On                 ;
; Remove Redundant Logic Cells                                                    ; Off                    ; Off                ;
; Remove Duplicate Registers                                                      ; On                     ; On                 ;
; Ignore CARRY Buffers                                                            ; Off                    ; Off                ;
; Ignore CASCADE Buffers                                                          ; Off                    ; Off                ;
; Ignore GLOBAL Buffers                                                           ; Off                    ; Off                ;
; Ignore ROW GLOBAL Buffers                                                       ; Off                    ; Off                ;
; Ignore LCELL Buffers                                                            ; Off                    ; Off                ;
; Ignore SOFT Buffers                                                             ; On                     ; On                 ;
; Limit AHDL Integers to 32 Bits                                                  ; Off                    ; Off                ;
; Optimization Technique                                                          ; Balanced               ; Balanced           ;
; Carry Chain Length                                                              ; 70                     ; 70                 ;
; Auto Carry Chains                                                               ; On                     ; On                 ;
; Auto Open-Drain Pins                                                            ; On                     ; On                 ;
; Perform WYSIWYG Primitive Resynthesis                                           ; Off                    ; Off                ;
; Auto ROM Replacement                                                            ; On                     ; On                 ;
; Auto RAM Replacement                                                            ; On                     ; On                 ;
; Auto DSP Block Replacement                                                      ; On                     ; On                 ;
; Auto Shift Register Replacement                                                 ; Auto                   ; Auto               ;
; Allow Shift Register Merging across Hierarchies                                 ; Auto                   ; Auto               ;
; Auto Clock Enable Replacement                                                   ; On                     ; On                 ;
; Strict RAM Replacement                                                          ; Off                    ; Off                ;
; Allow Synchronous Control Signals                                               ; On                     ; On                 ;
; Force Use of Synchronous Clear Signals                                          ; Off                    ; Off                ;
; Auto Resource Sharing                                                           ; Off                    ; Off                ;
; Allow Any RAM Size For Recognition                                              ; Off                    ; Off                ;
; Allow Any ROM Size For Recognition                                              ; Off                    ; Off                ;
; Allow Any Shift Register Size For Recognition                                   ; Off                    ; Off                ;
; Use LogicLock Constraints during Resource Balancing                             ; On                     ; On                 ;
; Ignore translate_off and synthesis_off directives                               ; Off                    ; Off                ;
; Timing-Driven Synthesis                                                         ; On                     ; On                 ;
; Report Parameter Settings                                                       ; On                     ; On                 ;
; Report Source Assignments                                                       ; On                     ; On                 ;
; Report Connectivity Checks                                                      ; On                     ; On                 ;
; Ignore Maximum Fan-Out Assignments                                              ; Off                    ; Off                ;
; Synchronization Register Chain Length                                           ; 3                      ; 3                  ;
; Power Optimization During Synthesis                                             ; Normal compilation     ; Normal compilation ;
; HDL message level                                                               ; Level2                 ; Level2             ;
; Suppress Register Optimization Related Messages                                 ; Off                    ; Off                ;
; Number of Removed Registers Reported in Synthesis Report                        ; 5000                   ; 5000               ;
; Number of Swept Nodes Reported in Synthesis Report                              ; 5000                   ; 5000               ;
; Number of Inverted Registers Reported in Synthesis Report                       ; 100                    ; 100                ;
; Clock MUX Protection                                                            ; On                     ; On                 ;
; Auto Gated Clock Conversion                                                     ; Off                    ; Off                ;
; Block Design Naming                                                             ; Auto                   ; Auto               ;
; SDC constraint protection                                                       ; Off                    ; Off                ;
; Synthesis Effort                                                                ; Auto                   ; Auto               ;
; Shift Register Replacement - Allow Asynchronous Clear Signal                    ; On                     ; On                 ;
; Pre-Mapping Resynthesis Optimization                                            ; Off                    ; Off                ;
; Analysis & Synthesis Message Level                                              ; Medium                 ; Medium             ;
; Disable Register Merging Across Hierarchies                                     ; Auto                   ; Auto               ;
; Resource Aware Inference For Block RAM                                          ; On                     ; On                 ;
; Automatic Parallel Synthesis                                                    ; On                     ; On                 ;
; Partial Reconfiguration Bitstream ID                                            ; Off                    ; Off                ;
+---------------------------------------------------------------------------------+------------------------+--------------------+


+------------------------------------------+
; Parallel Compilation                     ;
+----------------------------+-------------+
; Processors                 ; Number      ;
+----------------------------+-------------+
; Number detected on machine ; 4           ;
; Maximum allowed            ; 2           ;
;                            ;             ;
; Average used               ; 1.00        ;
; Maximum used               ; 2           ;
;                            ;             ;
; Usage by Processor         ; % Time Used ;
;     Processor 1            ; 100.0%      ;
;     Processor 2            ;   0.0%      ;
+----------------------------+-------------+


+--------------------------------------------------------------------------------------------------------------------------------------------------------------------------------------------+
; Analysis & Synthesis Source Files Read                                                                                                                                                     ;
+----------------------------------+-----------------+------------------------------------+----------------------------------------------------------------------------------------+---------+
; File Name with User-Entered Path ; Used in Netlist ; File Type                          ; File Name with Absolute Path                                                           ; Library ;
+----------------------------------+-----------------+------------------------------------+----------------------------------------------------------------------------------------+---------+
; DiagramaDeBloquesFinal.bdf       ; yes             ; User Block Diagram/Schematic File  ; C:/Users/Erick/Desktop/CLASESESPOL/6toSemestre/SD2/Proyecto/DiagramaDeBloquesFinal.bdf ;         ;
; Conv_Bin_BCD.vhd                 ; yes             ; User VHDL File                     ; C:/Users/Erick/Desktop/CLASESESPOL/6toSemestre/SD2/Proyecto/Conv_Bin_BCD.vhd           ;         ;
; Reg_Sost.vhd                     ; yes             ; User VHDL File                     ; C:/Users/Erick/Desktop/CLASESESPOL/6toSemestre/SD2/Proyecto/Reg_Sost.vhd               ;         ;
; MUX2a1.vhd                       ; yes             ; User VHDL File                     ; C:/Users/Erick/Desktop/CLASESESPOL/6toSemestre/SD2/Proyecto/MUX2a1.vhd                 ;         ;
; MSSPRUEBA.vhd                    ; yes             ; User VHDL File                     ; C:/Users/Erick/Desktop/CLASESESPOL/6toSemestre/SD2/Proyecto/MSSPRUEBA.vhd              ;         ;
; Contador_up.vhd                  ; yes             ; User VHDL File                     ; C:/Users/Erick/Desktop/CLASESESPOL/6toSemestre/SD2/Proyecto/Contador_up.vhd            ;         ;
; Comparador.vhd                   ; yes             ; User VHDL File                     ; C:/Users/Erick/Desktop/CLASESESPOL/6toSemestre/SD2/Proyecto/Comparador.vhd             ;         ;
; anillosbienchi.mif               ; yes             ; User Memory Initialization File    ; C:/Users/Erick/Desktop/CLASESESPOL/6toSemestre/SD2/Proyecto/anillosbienchi.mif         ;         ;
; RAMchica.vhd                     ; yes             ; User Wizard-Generated File         ; C:/Users/Erick/Desktop/CLASESESPOL/6toSemestre/SD2/Proyecto/RAMchica.vhd               ;         ;
; Restador.vhd                     ; yes             ; User VHDL File                     ; C:/Users/Erick/Desktop/CLASESESPOL/6toSemestre/SD2/Proyecto/Restador.vhd               ;         ;
; Sumador.vhd                      ; yes             ; User VHDL File                     ; C:/Users/Erick/Desktop/CLASESESPOL/6toSemestre/SD2/Proyecto/Sumador.vhd                ;         ;
; Bufferr.vhd                      ; yes             ; User VHDL File                     ; C:/Users/Erick/Desktop/CLASESESPOL/6toSemestre/SD2/Proyecto/Bufferr.vhd                ;         ;
; Dec7seg.vhd                      ; yes             ; User VHDL File                     ; C:/Users/Erick/Desktop/CLASESESPOL/6toSemestre/SD2/Proyecto/Dec7seg.vhd                ;         ;
; altsyncram.tdf                   ; yes             ; Megafunction                       ; c:/intelfpga_lite/19.1/quartus/libraries/megafunctions/altsyncram.tdf                  ;         ;
; stratix_ram_block.inc            ; yes             ; Megafunction                       ; c:/intelfpga_lite/19.1/quartus/libraries/megafunctions/stratix_ram_block.inc           ;         ;
; lpm_mux.inc                      ; yes             ; Megafunction                       ; c:/intelfpga_lite/19.1/quartus/libraries/megafunctions/lpm_mux.inc                     ;         ;
; lpm_decode.inc                   ; yes             ; Megafunction                       ; c:/intelfpga_lite/19.1/quartus/libraries/megafunctions/lpm_decode.inc                  ;         ;
; aglobal191.inc                   ; yes             ; Megafunction                       ; c:/intelfpga_lite/19.1/quartus/libraries/megafunctions/aglobal191.inc                  ;         ;
; a_rdenreg.inc                    ; yes             ; Megafunction                       ; c:/intelfpga_lite/19.1/quartus/libraries/megafunctions/a_rdenreg.inc                   ;         ;
; altrom.inc                       ; yes             ; Megafunction                       ; c:/intelfpga_lite/19.1/quartus/libraries/megafunctions/altrom.inc                      ;         ;
; altram.inc                       ; yes             ; Megafunction                       ; c:/intelfpga_lite/19.1/quartus/libraries/megafunctions/altram.inc                      ;         ;
; altdpram.inc                     ; yes             ; Megafunction                       ; c:/intelfpga_lite/19.1/quartus/libraries/megafunctions/altdpram.inc                    ;         ;
; db/altsyncram_ls14.tdf           ; yes             ; Auto-Generated Megafunction        ; C:/Users/Erick/Desktop/CLASESESPOL/6toSemestre/SD2/Proyecto/db/altsyncram_ls14.tdf     ;         ;
+----------------------------------+-----------------+------------------------------------+----------------------------------------------------------------------------------------+---------+


+---------------------------------------------------------+
; Analysis & Synthesis Resource Usage Summary             ;
+---------------------------------------------+-----------+
; Resource                                    ; Usage     ;
+---------------------------------------------+-----------+
; Estimate of Logic utilization (ALMs needed) ; 41        ;
;                                             ;           ;
; Combinational ALUT usage for logic          ; 69        ;
;     -- 7 input functions                    ; 0         ;
;     -- 6 input functions                    ; 10        ;
;     -- 5 input functions                    ; 17        ;
;     -- 4 input functions                    ; 27        ;
;     -- <=3 input functions                  ; 15        ;
;                                             ;           ;
; Dedicated logic registers                   ; 38        ;
;                                             ;           ;
; I/O pins                                    ; 24        ;
; Total MLAB memory bits                      ; 0         ;
; Total block memory bits                     ; 160       ;
;                                             ;           ;
; Total DSP Blocks                            ; 0         ;
;                                             ;           ;
; Maximum fan-out node                        ; CLK~input ;
; Maximum fan-out                             ; 43        ;
; Total fan-out                               ; 508       ;
; Average fan-out                             ; 3.17      ;
+---------------------------------------------+-----------+


+----------------------------------------------------------------------------------------------------------------------------------------------------------------------------------------------------------------------------------------------------------------------------------------------------+
; Analysis & Synthesis Resource Utilization by Entity                                                                                                                                                                                                                                                ;
+-------------------------------------------+---------------------+---------------------------+-------------------+------------+------+--------------+-------------------------------------------------------------------------------------------------------+------------------------+--------------+
; Compilation Hierarchy Node                ; Combinational ALUTs ; Dedicated Logic Registers ; Block Memory Bits ; DSP Blocks ; Pins ; Virtual Pins ; Full Hierarchy Name                                                                                   ; Entity Name            ; Library Name ;
+-------------------------------------------+---------------------+---------------------------+-------------------+------------+------+--------------+-------------------------------------------------------------------------------------------------------+------------------------+--------------+
; |DiagramaDeBloquesFinal                   ; 69 (0)              ; 38 (0)                    ; 160               ; 0          ; 24   ; 0            ; |DiagramaDeBloquesFinal                                                                               ; DiagramaDeBloquesFinal ; work         ;
;    |Comparador:inst15|                    ; 3 (3)               ; 0 (0)                     ; 0                 ; 0          ; 0    ; 0            ; |DiagramaDeBloquesFinal|Comparador:inst15                                                             ; Comparador             ; work         ;
;    |Comparador:inst3|                     ; 1 (1)               ; 0 (0)                     ; 0                 ; 0          ; 0    ; 0            ; |DiagramaDeBloquesFinal|Comparador:inst3                                                              ; Comparador             ; work         ;
;    |Comparador:inst4|                     ; 3 (3)               ; 0 (0)                     ; 0                 ; 0          ; 0    ; 0            ; |DiagramaDeBloquesFinal|Comparador:inst4                                                              ; Comparador             ; work         ;
;    |Contador_up:inst5|                    ; 6 (6)               ; 5 (5)                     ; 0                 ; 0          ; 0    ; 0            ; |DiagramaDeBloquesFinal|Contador_up:inst5                                                             ; Contador_up            ; work         ;
;    |Contador_up:inst|                     ; 7 (7)               ; 5 (5)                     ; 0                 ; 0          ; 0    ; 0            ; |DiagramaDeBloquesFinal|Contador_up:inst                                                              ; Contador_up            ; work         ;
;    |Conv_Bin_BCD:inst16|                  ; 3 (3)               ; 0 (0)                     ; 0                 ; 0          ; 0    ; 0            ; |DiagramaDeBloquesFinal|Conv_Bin_BCD:inst16                                                           ; Conv_Bin_BCD           ; work         ;
;    |Dec7seg:inst19|                       ; 3 (3)               ; 0 (0)                     ; 0                 ; 0          ; 0    ; 0            ; |DiagramaDeBloquesFinal|Dec7seg:inst19                                                                ; Dec7seg                ; work         ;
;    |Dec7seg:inst20|                       ; 7 (7)               ; 0 (0)                     ; 0                 ; 0          ; 0    ; 0            ; |DiagramaDeBloquesFinal|Dec7seg:inst20                                                                ; Dec7seg                ; work         ;
;    |MSSPRUEBA:inst29|                     ; 26 (26)             ; 18 (18)                   ; 0                 ; 0          ; 0    ; 0            ; |DiagramaDeBloquesFinal|MSSPRUEBA:inst29                                                              ; MSSPRUEBA              ; work         ;
;    |MUX2a1:inst26|                        ; 5 (5)               ; 0 (0)                     ; 0                 ; 0          ; 0    ; 0            ; |DiagramaDeBloquesFinal|MUX2a1:inst26                                                                 ; MUX2a1                 ; work         ;
;    |MUX2a1:inst27|                        ; 5 (5)               ; 0 (0)                     ; 0                 ; 0          ; 0    ; 0            ; |DiagramaDeBloquesFinal|MUX2a1:inst27                                                                 ; MUX2a1                 ; work         ;
;    |RAMchica:inst9|                       ; 0 (0)               ; 0 (0)                     ; 160               ; 0          ; 0    ; 0            ; |DiagramaDeBloquesFinal|RAMchica:inst9                                                                ; RAMchica               ; work         ;
;       |altsyncram:altsyncram_component|   ; 0 (0)               ; 0 (0)                     ; 160               ; 0          ; 0    ; 0            ; |DiagramaDeBloquesFinal|RAMchica:inst9|altsyncram:altsyncram_component                                ; altsyncram             ; work         ;
;          |altsyncram_ls14:auto_generated| ; 0 (0)               ; 0 (0)                     ; 160               ; 0          ; 0    ; 0            ; |DiagramaDeBloquesFinal|RAMchica:inst9|altsyncram:altsyncram_component|altsyncram_ls14:auto_generated ; altsyncram_ls14        ; work         ;
;    |Reg_Sost:inst17|                      ; 0 (0)               ; 5 (5)                     ; 0                 ; 0          ; 0    ; 0            ; |DiagramaDeBloquesFinal|Reg_Sost:inst17                                                               ; Reg_Sost               ; work         ;
;    |Reg_Sost:inst18|                      ; 0 (0)               ; 5 (5)                     ; 0                 ; 0          ; 0    ; 0            ; |DiagramaDeBloquesFinal|Reg_Sost:inst18                                                               ; Reg_Sost               ; work         ;
+-------------------------------------------+---------------------+---------------------------+-------------------+------------+------+--------------+-------------------------------------------------------------------------------------------------------+------------------------+--------------+
Note: For table entries with two numbers listed, the numbers in parentheses indicate the number of resources of the given type used by the specific entity alone. The numbers listed outside of parentheses indicate the total resources of the given type used by the specific entity and all of its sub-entities in the hierarchy.


+-------------------------------------------------------------------------------------------------------------------------------------------------------------------------------------------------------+
; Analysis & Synthesis RAM Summary                                                                                                                                                                      ;
+------------------------------------------------------------------------------------------+------+-------------+--------------+--------------+--------------+--------------+------+--------------------+
; Name                                                                                     ; Type ; Mode        ; Port A Depth ; Port A Width ; Port B Depth ; Port B Width ; Size ; MIF                ;
+------------------------------------------------------------------------------------------+------+-------------+--------------+--------------+--------------+--------------+------+--------------------+
; RAMchica:inst9|altsyncram:altsyncram_component|altsyncram_ls14:auto_generated|ALTSYNCRAM ; AUTO ; Single Port ; 32           ; 5            ; --           ; --           ; 160  ; anillosbienchi.mif ;
+------------------------------------------------------------------------------------------+------+-------------+--------------+--------------+--------------+--------------+------+--------------------+


+--------------------------------------------------------------------------------------------------------------------------+
; Analysis & Synthesis IP Cores Summary                                                                                    ;
+--------+--------------+---------+--------------+--------------+----------------------------------------+-----------------+
; Vendor ; IP Core Name ; Version ; Release Date ; License Type ; Entity Instance                        ; IP Include File ;
+--------+--------------+---------+--------------+--------------+----------------------------------------+-----------------+
; Altera ; RAM: 1-PORT  ; 19.1    ; N/A          ; N/A          ; |DiagramaDeBloquesFinal|RAMchica:inst9 ; RAMchica.vhd    ;
+--------+--------------+---------+--------------+--------------+----------------------------------------+-----------------+


Encoding Type:  One-Hot
+------------------------------------------------------------------------------------------------------------------+
; State Machine - |DiagramaDeBloquesFinal|MSSPRUEBA:inst29|y                                                       ;
+------+-----+-----+-----+-----+-----+-----+-----+-----+-----+-----+-----+-----+-----+-----+-----+-----+-----+-----+
; Name ; y.R ; y.Q ; y.P ; y.O ; y.N ; y.M ; y.L ; y.K ; y.J ; y.I ; y.H ; y.G ; y.F ; y.E ; y.D ; y.C ; y.B ; y.A ;
+------+-----+-----+-----+-----+-----+-----+-----+-----+-----+-----+-----+-----+-----+-----+-----+-----+-----+-----+
; y.A  ; 0   ; 0   ; 0   ; 0   ; 0   ; 0   ; 0   ; 0   ; 0   ; 0   ; 0   ; 0   ; 0   ; 0   ; 0   ; 0   ; 0   ; 0   ;
; y.B  ; 0   ; 0   ; 0   ; 0   ; 0   ; 0   ; 0   ; 0   ; 0   ; 0   ; 0   ; 0   ; 0   ; 0   ; 0   ; 0   ; 1   ; 1   ;
; y.C  ; 0   ; 0   ; 0   ; 0   ; 0   ; 0   ; 0   ; 0   ; 0   ; 0   ; 0   ; 0   ; 0   ; 0   ; 0   ; 1   ; 0   ; 1   ;
; y.D  ; 0   ; 0   ; 0   ; 0   ; 0   ; 0   ; 0   ; 0   ; 0   ; 0   ; 0   ; 0   ; 0   ; 0   ; 1   ; 0   ; 0   ; 1   ;
; y.E  ; 0   ; 0   ; 0   ; 0   ; 0   ; 0   ; 0   ; 0   ; 0   ; 0   ; 0   ; 0   ; 0   ; 1   ; 0   ; 0   ; 0   ; 1   ;
; y.F  ; 0   ; 0   ; 0   ; 0   ; 0   ; 0   ; 0   ; 0   ; 0   ; 0   ; 0   ; 0   ; 1   ; 0   ; 0   ; 0   ; 0   ; 1   ;
; y.G  ; 0   ; 0   ; 0   ; 0   ; 0   ; 0   ; 0   ; 0   ; 0   ; 0   ; 0   ; 1   ; 0   ; 0   ; 0   ; 0   ; 0   ; 1   ;
; y.H  ; 0   ; 0   ; 0   ; 0   ; 0   ; 0   ; 0   ; 0   ; 0   ; 0   ; 1   ; 0   ; 0   ; 0   ; 0   ; 0   ; 0   ; 1   ;
; y.I  ; 0   ; 0   ; 0   ; 0   ; 0   ; 0   ; 0   ; 0   ; 0   ; 1   ; 0   ; 0   ; 0   ; 0   ; 0   ; 0   ; 0   ; 1   ;
; y.J  ; 0   ; 0   ; 0   ; 0   ; 0   ; 0   ; 0   ; 0   ; 1   ; 0   ; 0   ; 0   ; 0   ; 0   ; 0   ; 0   ; 0   ; 1   ;
; y.K  ; 0   ; 0   ; 0   ; 0   ; 0   ; 0   ; 0   ; 1   ; 0   ; 0   ; 0   ; 0   ; 0   ; 0   ; 0   ; 0   ; 0   ; 1   ;
; y.L  ; 0   ; 0   ; 0   ; 0   ; 0   ; 0   ; 1   ; 0   ; 0   ; 0   ; 0   ; 0   ; 0   ; 0   ; 0   ; 0   ; 0   ; 1   ;
; y.M  ; 0   ; 0   ; 0   ; 0   ; 0   ; 1   ; 0   ; 0   ; 0   ; 0   ; 0   ; 0   ; 0   ; 0   ; 0   ; 0   ; 0   ; 1   ;
; y.N  ; 0   ; 0   ; 0   ; 0   ; 1   ; 0   ; 0   ; 0   ; 0   ; 0   ; 0   ; 0   ; 0   ; 0   ; 0   ; 0   ; 0   ; 1   ;
; y.O  ; 0   ; 0   ; 0   ; 1   ; 0   ; 0   ; 0   ; 0   ; 0   ; 0   ; 0   ; 0   ; 0   ; 0   ; 0   ; 0   ; 0   ; 1   ;
; y.P  ; 0   ; 0   ; 1   ; 0   ; 0   ; 0   ; 0   ; 0   ; 0   ; 0   ; 0   ; 0   ; 0   ; 0   ; 0   ; 0   ; 0   ; 1   ;
; y.Q  ; 0   ; 1   ; 0   ; 0   ; 0   ; 0   ; 0   ; 0   ; 0   ; 0   ; 0   ; 0   ; 0   ; 0   ; 0   ; 0   ; 0   ; 1   ;
; y.R  ; 1   ; 0   ; 0   ; 0   ; 0   ; 0   ; 0   ; 0   ; 0   ; 0   ; 0   ; 0   ; 0   ; 0   ; 0   ; 0   ; 0   ; 1   ;
+------+-----+-----+-----+-----+-----+-----+-----+-----+-----+-----+-----+-----+-----+-----+-----+-----+-----+-----+


+------------------------------------------------------+
; General Register Statistics                          ;
+----------------------------------------------+-------+
; Statistic                                    ; Value ;
+----------------------------------------------+-------+
; Total registers                              ; 38    ;
; Number of registers using Synchronous Clear  ; 0     ;
; Number of registers using Synchronous Load   ; 0     ;
; Number of registers using Asynchronous Clear ; 38    ;
; Number of registers using Asynchronous Load  ; 0     ;
; Number of registers using Clock Enable       ; 20    ;
; Number of registers using Preset             ; 0     ;
+----------------------------------------------+-------+


+--------------------------------------------------------------------------------------------------------------------------------------------------------------+
; Multiplexer Restructuring Statistics (Restructuring Performed)                                                                                               ;
+--------------------+-----------+---------------+----------------------+------------------------+------------+------------------------------------------------+
; Multiplexer Inputs ; Bus Width ; Baseline Area ; Area if Restructured ; Saving if Restructured ; Registered ; Example Multiplexer Output                     ;
+--------------------+-----------+---------------+----------------------+------------------------+------------+------------------------------------------------+
; 3:1                ; 5 bits    ; 10 LEs        ; 5 LEs                ; 5 LEs                  ; Yes        ; |DiagramaDeBloquesFinal|Contador_up:inst5|q[4] ;
; 3:1                ; 5 bits    ; 10 LEs        ; 5 LEs                ; 5 LEs                  ; Yes        ; |DiagramaDeBloquesFinal|Contador_up:inst|q[4]  ;
+--------------------+-----------+---------------+----------------------+------------------------+------------+------------------------------------------------+


+------------------------------------------------------------------------------------------------------+
; Source assignments for RAMchica:inst9|altsyncram:altsyncram_component|altsyncram_ls14:auto_generated ;
+---------------------------------+--------------------+------+----------------------------------------+
; Assignment                      ; Value              ; From ; To                                     ;
+---------------------------------+--------------------+------+----------------------------------------+
; OPTIMIZE_POWER_DURING_SYNTHESIS ; NORMAL_COMPILATION ; -    ; -                                      ;
+---------------------------------+--------------------+------+----------------------------------------+


+---------------------------------------------------------------+
; Parameter Settings for User Entity Instance: Comparador:inst4 ;
+----------------+-------+--------------------------------------+
; Parameter Name ; Value ; Type                                 ;
+----------------+-------+--------------------------------------+
; n              ; 5     ; Unsigned Integer                     ;
+----------------+-------+--------------------------------------+
Note: In order to hide this table in the UI and the text report file, please set the "Show Parameter Settings in Synthesis Report" option in "Analysis and Synthesis Settings -> More Settings" to "Off".


+----------------------------------------------------------------+
; Parameter Settings for User Entity Instance: Contador_up:inst5 ;
+----------------+-------+---------------------------------------+
; Parameter Name ; Value ; Type                                  ;
+----------------+-------+---------------------------------------+
; n              ; 5     ; Unsigned Integer                      ;
+----------------+-------+---------------------------------------+
Note: In order to hide this table in the UI and the text report file, please set the "Show Parameter Settings in Synthesis Report" option in "Analysis and Synthesis Settings -> More Settings" to "Off".


+---------------------------------------------------------------+
; Parameter Settings for User Entity Instance: Contador_up:inst ;
+----------------+-------+--------------------------------------+
; Parameter Name ; Value ; Type                                 ;
+----------------+-------+--------------------------------------+
; n              ; 5     ; Unsigned Integer                     ;
+----------------+-------+--------------------------------------+
Note: In order to hide this table in the UI and the text report file, please set the "Show Parameter Settings in Synthesis Report" option in "Analysis and Synthesis Settings -> More Settings" to "Off".


+----------------------------------------------------------------+
; Parameter Settings for User Entity Instance: Comparador:inst15 ;
+----------------+-------+---------------------------------------+
; Parameter Name ; Value ; Type                                  ;
+----------------+-------+---------------------------------------+
; n              ; 5     ; Unsigned Integer                      ;
+----------------+-------+---------------------------------------+
Note: In order to hide this table in the UI and the text report file, please set the "Show Parameter Settings in Synthesis Report" option in "Analysis and Synthesis Settings -> More Settings" to "Off".


+--------------------------------------------------------------+
; Parameter Settings for User Entity Instance: Reg_Sost:inst17 ;
+----------------+-------+-------------------------------------+
; Parameter Name ; Value ; Type                                ;
+----------------+-------+-------------------------------------+
; n              ; 5     ; Unsigned Integer                    ;
+----------------+-------+-------------------------------------+
Note: In order to hide this table in the UI and the text report file, please set the "Show Parameter Settings in Synthesis Report" option in "Analysis and Synthesis Settings -> More Settings" to "Off".


+--------------------------------------------------------------+
; Parameter Settings for User Entity Instance: Reg_Sost:inst18 ;
+----------------+-------+-------------------------------------+
; Parameter Name ; Value ; Type                                ;
+----------------+-------+-------------------------------------+
; n              ; 5     ; Unsigned Integer                    ;
+----------------+-------+-------------------------------------+
Note: In order to hide this table in the UI and the text report file, please set the "Show Parameter Settings in Synthesis Report" option in "Analysis and Synthesis Settings -> More Settings" to "Off".


+---------------------------------------------------------------------------------------------+
; Parameter Settings for User Entity Instance: RAMchica:inst9|altsyncram:altsyncram_component ;
+------------------------------------+----------------------+---------------------------------+
; Parameter Name                     ; Value                ; Type                            ;
+------------------------------------+----------------------+---------------------------------+
; BYTE_SIZE_BLOCK                    ; 8                    ; Untyped                         ;
; AUTO_CARRY_CHAINS                  ; ON                   ; AUTO_CARRY                      ;
; IGNORE_CARRY_BUFFERS               ; OFF                  ; IGNORE_CARRY                    ;
; AUTO_CASCADE_CHAINS                ; ON                   ; AUTO_CASCADE                    ;
; IGNORE_CASCADE_BUFFERS             ; OFF                  ; IGNORE_CASCADE                  ;
; WIDTH_BYTEENA                      ; 1                    ; Untyped                         ;
; OPERATION_MODE                     ; SINGLE_PORT          ; Untyped                         ;
; WIDTH_A                            ; 5                    ; Signed Integer                  ;
; WIDTHAD_A                          ; 5                    ; Signed Integer                  ;
; NUMWORDS_A                         ; 32                   ; Signed Integer                  ;
; OUTDATA_REG_A                      ; UNREGISTERED         ; Untyped                         ;
; ADDRESS_ACLR_A                     ; NONE                 ; Untyped                         ;
; OUTDATA_ACLR_A                     ; NONE                 ; Untyped                         ;
; WRCONTROL_ACLR_A                   ; NONE                 ; Untyped                         ;
; INDATA_ACLR_A                      ; NONE                 ; Untyped                         ;
; BYTEENA_ACLR_A                     ; NONE                 ; Untyped                         ;
; WIDTH_B                            ; 1                    ; Signed Integer                  ;
; WIDTHAD_B                          ; 1                    ; Signed Integer                  ;
; NUMWORDS_B                         ; 0                    ; Signed Integer                  ;
; INDATA_REG_B                       ; CLOCK1               ; Untyped                         ;
; WRCONTROL_WRADDRESS_REG_B          ; CLOCK1               ; Untyped                         ;
; RDCONTROL_REG_B                    ; CLOCK1               ; Untyped                         ;
; ADDRESS_REG_B                      ; CLOCK1               ; Untyped                         ;
; OUTDATA_REG_B                      ; UNREGISTERED         ; Untyped                         ;
; BYTEENA_REG_B                      ; CLOCK1               ; Untyped                         ;
; INDATA_ACLR_B                      ; NONE                 ; Untyped                         ;
; WRCONTROL_ACLR_B                   ; NONE                 ; Untyped                         ;
; ADDRESS_ACLR_B                     ; NONE                 ; Untyped                         ;
; OUTDATA_ACLR_B                     ; NONE                 ; Untyped                         ;
; RDCONTROL_ACLR_B                   ; NONE                 ; Untyped                         ;
; BYTEENA_ACLR_B                     ; NONE                 ; Untyped                         ;
; WIDTH_BYTEENA_A                    ; 1                    ; Signed Integer                  ;
; WIDTH_BYTEENA_B                    ; 1                    ; Signed Integer                  ;
; RAM_BLOCK_TYPE                     ; AUTO                 ; Untyped                         ;
; BYTE_SIZE                          ; 8                    ; Signed Integer                  ;
; READ_DURING_WRITE_MODE_MIXED_PORTS ; DONT_CARE            ; Untyped                         ;
; READ_DURING_WRITE_MODE_PORT_A      ; DONT_CARE            ; Untyped                         ;
; READ_DURING_WRITE_MODE_PORT_B      ; NEW_DATA_NO_NBE_READ ; Untyped                         ;
; INIT_FILE                          ; anillosbienchi.mif   ; Untyped                         ;
; INIT_FILE_LAYOUT                   ; PORT_A               ; Untyped                         ;
; MAXIMUM_DEPTH                      ; 0                    ; Signed Integer                  ;
; CLOCK_ENABLE_INPUT_A               ; BYPASS               ; Untyped                         ;
; CLOCK_ENABLE_INPUT_B               ; NORMAL               ; Untyped                         ;
; CLOCK_ENABLE_OUTPUT_A              ; BYPASS               ; Untyped                         ;
; CLOCK_ENABLE_OUTPUT_B              ; NORMAL               ; Untyped                         ;
; CLOCK_ENABLE_CORE_A                ; USE_INPUT_CLKEN      ; Untyped                         ;
; CLOCK_ENABLE_CORE_B                ; USE_INPUT_CLKEN      ; Untyped                         ;
; ENABLE_ECC                         ; FALSE                ; Untyped                         ;
; ECC_PIPELINE_STAGE_ENABLED         ; FALSE                ; Untyped                         ;
; WIDTH_ECCSTATUS                    ; 3                    ; Signed Integer                  ;
; DEVICE_FAMILY                      ; Cyclone V            ; Untyped                         ;
; CBXI_PARAMETER                     ; altsyncram_ls14      ; Untyped                         ;
+------------------------------------+----------------------+---------------------------------+
Note: In order to hide this table in the UI and the text report file, please set the "Show Parameter Settings in Synthesis Report" option in "Analysis and Synthesis Settings -> More Settings" to "Off".


+------------------------------------------------------------+
; Parameter Settings for User Entity Instance: MUX2a1:inst26 ;
+----------------+-------+-----------------------------------+
; Parameter Name ; Value ; Type                              ;
+----------------+-------+-----------------------------------+
; n              ; 5     ; Unsigned Integer                  ;
+----------------+-------+-----------------------------------+
Note: In order to hide this table in the UI and the text report file, please set the "Show Parameter Settings in Synthesis Report" option in "Analysis and Synthesis Settings -> More Settings" to "Off".


+------------------------------------------------------------+
; Parameter Settings for User Entity Instance: Sumador:inst6 ;
+----------------+-------+-----------------------------------+
; Parameter Name ; Value ; Type                              ;
+----------------+-------+-----------------------------------+
; n              ; 5     ; Signed Integer                    ;
+----------------+-------+-----------------------------------+
Note: In order to hide this table in the UI and the text report file, please set the "Show Parameter Settings in Synthesis Report" option in "Analysis and Synthesis Settings -> More Settings" to "Off".


+------------------------------------------------------------+
; Parameter Settings for User Entity Instance: MUX2a1:inst27 ;
+----------------+-------+-----------------------------------+
; Parameter Name ; Value ; Type                              ;
+----------------+-------+-----------------------------------+
; n              ; 5     ; Unsigned Integer                  ;
+----------------+-------+-----------------------------------+
Note: In order to hide this table in the UI and the text report file, please set the "Show Parameter Settings in Synthesis Report" option in "Analysis and Synthesis Settings -> More Settings" to "Off".


+---------------------------------------------------------------+
; Parameter Settings for User Entity Instance: Comparador:inst3 ;
+----------------+-------+--------------------------------------+
; Parameter Name ; Value ; Type                                 ;
+----------------+-------+--------------------------------------+
; n              ; 5     ; Unsigned Integer                     ;
+----------------+-------+--------------------------------------+
Note: In order to hide this table in the UI and the text report file, please set the "Show Parameter Settings in Synthesis Report" option in "Analysis and Synthesis Settings -> More Settings" to "Off".


+---------------------------------------------------------------+
; Parameter Settings for User Entity Instance: Comparador:inst7 ;
+----------------+-------+--------------------------------------+
; Parameter Name ; Value ; Type                                 ;
+----------------+-------+--------------------------------------+
; n              ; 5     ; Unsigned Integer                     ;
+----------------+-------+--------------------------------------+
Note: In order to hide this table in the UI and the text report file, please set the "Show Parameter Settings in Synthesis Report" option in "Analysis and Synthesis Settings -> More Settings" to "Off".


+------------------------------------------------------------+
; Parameter Settings for User Entity Instance: Bufferr:inst8 ;
+----------------+-------+-----------------------------------+
; Parameter Name ; Value ; Type                              ;
+----------------+-------+-----------------------------------+
; n              ; 5     ; Signed Integer                    ;
+----------------+-------+-----------------------------------+
Note: In order to hide this table in the UI and the text report file, please set the "Show Parameter Settings in Synthesis Report" option in "Analysis and Synthesis Settings -> More Settings" to "Off".


+--------------------------------------------------------------------------------------------+
; altsyncram Parameter Settings by Entity Instance                                           ;
+-------------------------------------------+------------------------------------------------+
; Name                                      ; Value                                          ;
+-------------------------------------------+------------------------------------------------+
; Number of entity instances                ; 1                                              ;
; Entity Instance                           ; RAMchica:inst9|altsyncram:altsyncram_component ;
;     -- OPERATION_MODE                     ; SINGLE_PORT                                    ;
;     -- WIDTH_A                            ; 5                                              ;
;     -- NUMWORDS_A                         ; 32                                             ;
;     -- OUTDATA_REG_A                      ; UNREGISTERED                                   ;
;     -- WIDTH_B                            ; 1                                              ;
;     -- NUMWORDS_B                         ; 0                                              ;
;     -- ADDRESS_REG_B                      ; CLOCK1                                         ;
;     -- OUTDATA_REG_B                      ; UNREGISTERED                                   ;
;     -- RAM_BLOCK_TYPE                     ; AUTO                                           ;
;     -- READ_DURING_WRITE_MODE_MIXED_PORTS ; DONT_CARE                                      ;
+-------------------------------------------+------------------------------------------------+


+-----------------------------------------------------+
; Post-Synthesis Netlist Statistics for Top Partition ;
+-----------------------+-----------------------------+
; Type                  ; Count                       ;
+-----------------------+-----------------------------+
; arriav_ff             ; 38                          ;
;     CLR               ; 18                          ;
;     ENA CLR           ; 20                          ;
; arriav_lcell_comb     ; 74                          ;
;     normal            ; 74                          ;
;         0 data inputs ; 1                           ;
;         1 data inputs ; 4                           ;
;         2 data inputs ; 7                           ;
;         3 data inputs ; 8                           ;
;         4 data inputs ; 27                          ;
;         5 data inputs ; 17                          ;
;         6 data inputs ; 10                          ;
; boundary_port         ; 24                          ;
; stratixv_ram_block    ; 5                           ;
;                       ;                             ;
; Max LUT depth         ; 3.00                        ;
; Average LUT depth     ; 2.10                        ;
+-----------------------+-----------------------------+


+-------------------------------+
; Elapsed Time Per Partition    ;
+----------------+--------------+
; Partition Name ; Elapsed Time ;
+----------------+--------------+
; Top            ; 00:00:05     ;
+----------------+--------------+


+-------------------------------+
; Analysis & Synthesis Messages ;
+-------------------------------+
Info: *******************************************************************
Info: Running Quartus Prime Analysis & Synthesis
    Info: Version 19.1.0 Build 670 09/22/2019 SJ Lite Edition
    Info: Processing started: Fri Jan 20 17:57:34 2023
Info: Command: quartus_map --read_settings_files=on --write_settings_files=off PROYECTODS2 -c PROYECTODS2
Warning (18236): Number of processors has not been specified which may cause overloading on shared machines.  Set the global assignment NUM_PARALLEL_PROCESSORS in your QSF to an appropriate value for best performance.
Info (20030): Parallel compilation is enabled and will use 2 of the 2 processors detected
Info (12021): Found 1 design units, including 1 entities, in source file diagramadebloquesfinal.bdf
    Info (12023): Found entity 1: DiagramaDeBloquesFinal
Info (12021): Found 2 design units, including 1 entities, in source file conv_bin_bcd.vhd
    Info (12022): Found design unit 1: Conv_Bin_BCD-comportamiento File: C:/Users/Erick/Desktop/CLASESESPOL/6toSemestre/SD2/Proyecto/Conv_Bin_BCD.vhd Line: 11
    Info (12023): Found entity 1: Conv_Bin_BCD File: C:/Users/Erick/Desktop/CLASESESPOL/6toSemestre/SD2/Proyecto/Conv_Bin_BCD.vhd Line: 6
Info (12021): Found 2 design units, including 1 entities, in source file reg_sost.vhd
    Info (12022): Found design unit 1: Reg_Sost-solve File: C:/Users/Erick/Desktop/CLASESESPOL/6toSemestre/SD2/Proyecto/Reg_Sost.vhd Line: 14
    Info (12023): Found entity 1: Reg_Sost File: C:/Users/Erick/Desktop/CLASESESPOL/6toSemestre/SD2/Proyecto/Reg_Sost.vhd Line: 5
Info (12021): Found 2 design units, including 1 entities, in source file mux2a1.vhd
    Info (12022): Found design unit 1: MUX2a1-solve File: C:/Users/Erick/Desktop/CLASESESPOL/6toSemestre/SD2/Proyecto/MUX2a1.vhd Line: 11
    Info (12023): Found entity 1: MUX2a1 File: C:/Users/Erick/Desktop/CLASESESPOL/6toSemestre/SD2/Proyecto/MUX2a1.vhd Line: 4
Info (12021): Found 2 design units, including 1 entities, in source file mssprueba.vhd
    Info (12022): Found design unit 1: MSSPRUEBA-solv File: C:/Users/Erick/Desktop/CLASESESPOL/6toSemestre/SD2/Proyecto/MSSPRUEBA.vhd Line: 10
    Info (12023): Found entity 1: MSSPRUEBA File: C:/Users/Erick/Desktop/CLASESESPOL/6toSemestre/SD2/Proyecto/MSSPRUEBA.vhd Line: 3
Info (12021): Found 2 design units, including 1 entities, in source file contador_up.vhd
    Info (12022): Found design unit 1: Contador_up-solve File: C:/Users/Erick/Desktop/CLASESESPOL/6toSemestre/SD2/Proyecto/Contador_up.vhd Line: 15
    Info (12023): Found entity 1: Contador_up File: C:/Users/Erick/Desktop/CLASESESPOL/6toSemestre/SD2/Proyecto/Contador_up.vhd Line: 6
Info (12021): Found 2 design units, including 1 entities, in source file comparador.vhd
    Info (12022): Found design unit 1: Comparador-solve File: C:/Users/Erick/Desktop/CLASESESPOL/6toSemestre/SD2/Proyecto/Comparador.vhd Line: 14
    Info (12023): Found entity 1: Comparador File: C:/Users/Erick/Desktop/CLASESESPOL/6toSemestre/SD2/Proyecto/Comparador.vhd Line: 5
Info (12021): Found 2 design units, including 1 entities, in source file ramchica.vhd
    Info (12022): Found design unit 1: ramchica-SYN File: C:/Users/Erick/Desktop/CLASESESPOL/6toSemestre/SD2/Proyecto/RAMchica.vhd Line: 55
    Info (12023): Found entity 1: RAMchica File: C:/Users/Erick/Desktop/CLASESESPOL/6toSemestre/SD2/Proyecto/RAMchica.vhd Line: 43
Info (12021): Found 2 design units, including 1 entities, in source file restador.vhd
    Info (12022): Found design unit 1: Restador-Solucion File: C:/Users/Erick/Desktop/CLASESESPOL/6toSemestre/SD2/Proyecto/Restador.vhd Line: 11
    Info (12023): Found entity 1: Restador File: C:/Users/Erick/Desktop/CLASESESPOL/6toSemestre/SD2/Proyecto/Restador.vhd Line: 5
Info (12021): Found 2 design units, including 1 entities, in source file sumador.vhd
    Info (12022): Found design unit 1: Sumador-solve File: C:/Users/Erick/Desktop/CLASESESPOL/6toSemestre/SD2/Proyecto/Sumador.vhd Line: 14
    Info (12023): Found entity 1: Sumador File: C:/Users/Erick/Desktop/CLASESESPOL/6toSemestre/SD2/Proyecto/Sumador.vhd Line: 6
Info (12021): Found 2 design units, including 1 entities, in source file bufferr.vhd
    Info (12022): Found design unit 1: Bufferr-Solucion File: C:/Users/Erick/Desktop/CLASESESPOL/6toSemestre/SD2/Proyecto/Bufferr.vhd Line: 11
    Info (12023): Found entity 1: Bufferr File: C:/Users/Erick/Desktop/CLASESESPOL/6toSemestre/SD2/Proyecto/Bufferr.vhd Line: 4
Info (12021): Found 2 design units, including 1 entities, in source file dec7seg.vhd
    Info (12022): Found design unit 1: Dec7seg-comportamiento File: C:/Users/Erick/Desktop/CLASESESPOL/6toSemestre/SD2/Proyecto/Dec7seg.vhd Line: 11
    Info (12023): Found entity 1: Dec7seg File: C:/Users/Erick/Desktop/CLASESESPOL/6toSemestre/SD2/Proyecto/Dec7seg.vhd Line: 6
Info (12127): Elaborating entity "DiagramaDeBloquesFinal" for the top level hierarchy
Info (12128): Elaborating entity "MSSPRUEBA" for hierarchy "MSSPRUEBA:inst29"
Warning (10541): VHDL Signal Declaration warning at MSSPRUEBA.vhd(5): used implicit default value for signal "presiona" because signal was never assigned a value or an explicit default value. Use of implicit default value may introduce unintended design optimizations. File: C:/Users/Erick/Desktop/CLASESESPOL/6toSemestre/SD2/Proyecto/MSSPRUEBA.vhd Line: 5
Info (12128): Elaborating entity "Comparador" for hierarchy "Comparador:inst4"
Info (12128): Elaborating entity "Restador" for hierarchy "Restador:inst2"
Info (12128): Elaborating entity "Contador_up" for hierarchy "Contador_up:inst5"
Info (12128): Elaborating entity "Reg_Sost" for hierarchy "Reg_Sost:inst17"
Info (12128): Elaborating entity "RAMchica" for hierarchy "RAMchica:inst9"
Info (12128): Elaborating entity "altsyncram" for hierarchy "RAMchica:inst9|altsyncram:altsyncram_component" File: C:/Users/Erick/Desktop/CLASESESPOL/6toSemestre/SD2/Proyecto/RAMchica.vhd Line: 62
Info (12130): Elaborated megafunction instantiation "RAMchica:inst9|altsyncram:altsyncram_component" File: C:/Users/Erick/Desktop/CLASESESPOL/6toSemestre/SD2/Proyecto/RAMchica.vhd Line: 62
Info (12133): Instantiated megafunction "RAMchica:inst9|altsyncram:altsyncram_component" with the following parameter: File: C:/Users/Erick/Desktop/CLASESESPOL/6toSemestre/SD2/Proyecto/RAMchica.vhd Line: 62
    Info (12134): Parameter "address_aclr_a" = "UNUSED"
    Info (12134): Parameter "address_aclr_b" = "NONE"
    Info (12134): Parameter "address_reg_b" = "CLOCK1"
    Info (12134): Parameter "byte_size" = "8"
    Info (12134): Parameter "byteena_aclr_a" = "UNUSED"
    Info (12134): Parameter "byteena_aclr_b" = "NONE"
    Info (12134): Parameter "byteena_reg_b" = "CLOCK1"
    Info (12134): Parameter "clock_enable_core_a" = "USE_INPUT_CLKEN"
    Info (12134): Parameter "clock_enable_core_b" = "USE_INPUT_CLKEN"
    Info (12134): Parameter "clock_enable_input_a" = "BYPASS"
    Info (12134): Parameter "clock_enable_input_b" = "NORMAL"
    Info (12134): Parameter "clock_enable_output_a" = "BYPASS"
    Info (12134): Parameter "clock_enable_output_b" = "NORMAL"
    Info (12134): Parameter "intended_device_family" = "Cyclone V"
    Info (12134): Parameter "ecc_pipeline_stage_enabled" = "FALSE"
    Info (12134): Parameter "enable_ecc" = "FALSE"
    Info (12134): Parameter "implement_in_les" = "OFF"
    Info (12134): Parameter "indata_aclr_a" = "UNUSED"
    Info (12134): Parameter "indata_aclr_b" = "NONE"
    Info (12134): Parameter "indata_reg_b" = "CLOCK1"
    Info (12134): Parameter "init_file" = "anillosbienchi.mif"
    Info (12134): Parameter "init_file_layout" = "PORT_A"
    Info (12134): Parameter "maximum_depth" = "0"
    Info (12134): Parameter "numwords_a" = "32"
    Info (12134): Parameter "numwords_b" = "0"
    Info (12134): Parameter "operation_mode" = "SINGLE_PORT"
    Info (12134): Parameter "outdata_aclr_a" = "NONE"
    Info (12134): Parameter "outdata_aclr_b" = "NONE"
    Info (12134): Parameter "outdata_reg_a" = "UNREGISTERED"
    Info (12134): Parameter "outdata_reg_b" = "UNREGISTERED"
    Info (12134): Parameter "power_up_uninitialized" = "FALSE"
    Info (12134): Parameter "ram_block_type" = "AUTO"
    Info (12134): Parameter "rdcontrol_aclr_b" = "NONE"
    Info (12134): Parameter "rdcontrol_reg_b" = "CLOCK1"
    Info (12134): Parameter "read_during_write_mode_mixed_ports" = "DONT_CARE"
    Info (12134): Parameter "read_during_write_mode_port_a" = "DONT_CARE"
    Info (12134): Parameter "read_during_write_mode_port_b" = "NEW_DATA_NO_NBE_READ"
    Info (12134): Parameter "stratixiv_m144k_allow_dual_clocks" = "ON"
    Info (12134): Parameter "width_a" = "5"
    Info (12134): Parameter "width_b" = "1"
    Info (12134): Parameter "width_byteena_a" = "1"
    Info (12134): Parameter "width_byteena_b" = "1"
    Info (12134): Parameter "width_eccstatus" = "3"
    Info (12134): Parameter "widthad_a" = "5"
    Info (12134): Parameter "widthad_b" = "1"
    Info (12134): Parameter "wrcontrol_aclr_a" = "UNUSED"
    Info (12134): Parameter "wrcontrol_aclr_b" = "NONE"
    Info (12134): Parameter "wrcontrol_wraddress_reg_b" = "CLOCK1"
    Info (12134): Parameter "lpm_hint" = "ENABLE_RUNTIME_MOD=NO"
    Info (12134): Parameter "lpm_type" = "altsyncram"
Info (12021): Found 1 design units, including 1 entities, in source file db/altsyncram_ls14.tdf
    Info (12023): Found entity 1: altsyncram_ls14 File: C:/Users/Erick/Desktop/CLASESESPOL/6toSemestre/SD2/Proyecto/db/altsyncram_ls14.tdf Line: 28
Info (12128): Elaborating entity "altsyncram_ls14" for hierarchy "RAMchica:inst9|altsyncram:altsyncram_component|altsyncram_ls14:auto_generated" File: c:/intelfpga_lite/19.1/quartus/libraries/megafunctions/altsyncram.tdf Line: 792
Info (12128): Elaborating entity "MUX2a1" for hierarchy "MUX2a1:inst26"
Warning (10492): VHDL Process Statement warning at MUX2a1.vhd(16): signal "I0" is read inside the Process Statement but isn't in the Process Statement's sensitivity list File: C:/Users/Erick/Desktop/CLASESESPOL/6toSemestre/SD2/Proyecto/MUX2a1.vhd Line: 16
Warning (10492): VHDL Process Statement warning at MUX2a1.vhd(17): signal "I1" is read inside the Process Statement but isn't in the Process Statement's sensitivity list File: C:/Users/Erick/Desktop/CLASESESPOL/6toSemestre/SD2/Proyecto/MUX2a1.vhd Line: 17
Info (12128): Elaborating entity "Sumador" for hierarchy "Sumador:inst6"
Info (12128): Elaborating entity "Dec7seg" for hierarchy "Dec7seg:inst19"
Info (12128): Elaborating entity "Conv_Bin_BCD" for hierarchy "Conv_Bin_BCD:inst16"
Info (12128): Elaborating entity "Bufferr" for hierarchy "Bufferr:inst8"
Warning (13046): Tri-state node(s) do not directly drive top-level pin(s)
    Warning (13049): Converted tri-state buffer "Bufferr:inst8|Salida[0]" feeding internal logic into a wire File: C:/Users/Erick/Desktop/CLASESESPOL/6toSemestre/SD2/Proyecto/Bufferr.vhd Line: 8
    Warning (13049): Converted tri-state buffer "Bufferr:inst8|Salida[1]" feeding internal logic into a wire File: C:/Users/Erick/Desktop/CLASESESPOL/6toSemestre/SD2/Proyecto/Bufferr.vhd Line: 8
    Warning (13049): Converted tri-state buffer "Bufferr:inst8|Salida[2]" feeding internal logic into a wire File: C:/Users/Erick/Desktop/CLASESESPOL/6toSemestre/SD2/Proyecto/Bufferr.vhd Line: 8
    Warning (13049): Converted tri-state buffer "Bufferr:inst8|Salida[3]" feeding internal logic into a wire File: C:/Users/Erick/Desktop/CLASESESPOL/6toSemestre/SD2/Proyecto/Bufferr.vhd Line: 8
    Warning (13049): Converted tri-state buffer "Bufferr:inst8|Salida[4]" feeding internal logic into a wire File: C:/Users/Erick/Desktop/CLASESESPOL/6toSemestre/SD2/Proyecto/Bufferr.vhd Line: 8
Warning (13024): Output pins are stuck at VCC or GND
    Warning (13410): Pin "decdis[5]" is stuck at GND
Info (286030): Timing-Driven Synthesis is running
Info (16010): Generating hard_block partition "hard_block:auto_generated_inst"
    Info (16011): Adding 0 node(s), including 0 DDIO, 0 PLL, 0 transceiver and 0 LCELL
Info (21057): Implemented 115 device resources after synthesis - the final resource count might be different
    Info (21058): Implemented 4 input pins
    Info (21059): Implemented 20 output pins
    Info (21061): Implemented 86 logic cells
    Info (21064): Implemented 5 RAM segments
Info: Quartus Prime Analysis & Synthesis was successful. 0 errors, 12 warnings
    Info: Peak virtual memory: 4869 megabytes
    Info: Processing ended: Fri Jan 20 17:58:54 2023
    Info: Elapsed time: 00:01:20
    Info: Total CPU time (on all processors): 00:02:20


